2026-06-26T09:37:13Z INF Thank you for trying Cloudflare Tunnel. Doing so, without a Cloudflare account, is a quick way to experiment and try it out. However, be aware that these account-less Tunnels have no uptime guarantee, are subject to the Cloudflare Online Services Terms of Use (https://www.cloudflare.com/website-terms/), and Cloudflare reserves the right to investigate your use of Tunnels for violations of such terms. If you intend to use Tunnels in production you should use a pre-created named tunnel by following: https://developers.cloudflare.com/cloudflare-one/connections/connect-apps
2026-06-26T09:37:13Z INF Requesting new quick Tunnel on trycloudflare.com...
2026-06-26T09:37:23Z INF +--------------------------------------------------------------------------------------------+
2026-06-26T09:37:23Z INF |  Your quick Tunnel has been created! Visit it at (it may take some time to be reachable):  |
2026-06-26T09:37:23Z INF |  https://situations-licensed-upon-helicopter.trycloudflare.com                             |
2026-06-26T09:37:23Z INF +--------------------------------------------------------------------------------------------+
2026-06-26T09:37:23Z INF Cannot determine default configuration path. No file [config.yml config.yaml] in [~/.cloudflared ~/.cloudflare-warp ~/cloudflare-warp]
2026-06-26T09:37:23Z INF Version 2026.5.2 (Checksum 20b9638f685333d623798e733effbad2487093f15ba592f6c7752360ff3b7ab7)
2026-06-26T09:37:23Z INF GOOS: windows, GOVersion: go1.26.3, GoArch: amd64
2026-06-26T09:37:23Z INF Settings: map[ha-connections:1 no-autoupdate:true protocol:quic url:http://localhost:5180]
2026-06-26T09:37:23Z INF cloudflared will not automatically update on Windows systems.
2026-06-26T09:37:23Z INF Generated Connector ID: 58ee3db5-6cff-4dce-a60f-fbeb4fea755d
2026-06-26T09:37:23Z INF Initial protocol quic
2026-06-26T09:37:23Z INF ICMP proxy will use 172.26.3.147 as source for IPv4
2026-06-26T09:37:23Z INF ICMP proxy will use fe80::a265:6c6:aec6:5ece in zone Wi-Fi as source for IPv6
2026-06-26T09:37:24Z INF cloudflared does not support loading the system root certificate pool on Windows. Please use --origin-ca-pool <PATH> to specify the path to the certificate pool
2026-06-26T09:37:24Z INF ICMP proxy will use 172.26.3.147 as source for IPv4
2026-06-26T09:37:24Z INF Tunnel connection curve preferences: [X25519MLKEM768 CurveID(65074) CurveP256] connIndex=0 event=0 ip=198.41.200.63
2026-06-26T09:37:24Z INF ICMP proxy will use fe80::a265:6c6:aec6:5ece in zone Wi-Fi as source for IPv6
2026-06-26T09:37:24Z INF Starting metrics server on 127.0.0.1:20241/metrics
2026-06-26T09:37:24Z INF +-------------------------------------------------------------------------------------+
2026-06-26T09:37:24Z INF |                               CONNECTIVITY PRE-CHECKS                               |
2026-06-26T09:37:24Z INF +-------------------------------------------------------------------------------------+
2026-06-26T09:37:24Z INF |  COMPONENT         TARGET                     STATUS  DETAILS                       |
2026-06-26T09:37:24Z INF |  DNS Resolution    region1.v2.argotunnel.com  PASS    DNS Resolved successfully     |
2026-06-26T09:37:24Z INF |  DNS Resolution    region2.v2.argotunnel.com  PASS    DNS Resolved successfully     |
2026-06-26T09:37:24Z INF |  UDP Connectivity  region1.v2.argotunnel.com  PASS    QUIC connection successful    |
2026-06-26T09:37:24Z INF |  UDP Connectivity  region2.v2.argotunnel.com  PASS    QUIC connection successful    |
2026-06-26T09:37:24Z INF |  TCP Connectivity  region1.v2.argotunnel.com  PASS    HTTP/2 connection successful  |
2026-06-26T09:37:24Z INF |  TCP Connectivity  region2.v2.argotunnel.com  PASS    HTTP/2 connection successful  |
2026-06-26T09:37:24Z INF |  Cloudflare API    api.cloudflare.com:443     PASS    API is reachable              |
2026-06-26T09:37:24Z INF |                                                                                     |
2026-06-26T09:37:24Z INF |  SUMMARY: Environment is healthy. cloudflared will use 'quic' as primary protocol.  |
2026-06-26T09:37:24Z INF +-------------------------------------------------------------------------------------+
2026-06-26T09:37:24Z INF precheck component="DNS Resolution" details="DNS Resolved successfully" run_id=4f6d4cab-0b27-4759-8fff-8d4fb28a8143 status=pass target=region1.v2.argotunnel.com
2026-06-26T09:37:24Z INF precheck component="DNS Resolution" details="DNS Resolved successfully" run_id=4f6d4cab-0b27-4759-8fff-8d4fb28a8143 status=pass target=region2.v2.argotunnel.com
2026-06-26T09:37:24Z INF precheck component="UDP Connectivity" details="QUIC connection successful" run_id=4f6d4cab-0b27-4759-8fff-8d4fb28a8143 status=pass target=region1.v2.argotunnel.com
2026-06-26T09:37:24Z INF precheck component="UDP Connectivity" details="QUIC connection successful" run_id=4f6d4cab-0b27-4759-8fff-8d4fb28a8143 status=pass target=region2.v2.argotunnel.com
2026-06-26T09:37:24Z INF precheck component="TCP Connectivity" details="HTTP/2 connection successful" run_id=4f6d4cab-0b27-4759-8fff-8d4fb28a8143 status=pass target=region1.v2.argotunnel.com
2026-06-26T09:37:24Z INF precheck component="TCP Connectivity" details="HTTP/2 connection successful" run_id=4f6d4cab-0b27-4759-8fff-8d4fb28a8143 status=pass target=region2.v2.argotunnel.com
2026-06-26T09:37:24Z INF precheck component="Cloudflare API" details="API is reachable" run_id=4f6d4cab-0b27-4759-8fff-8d4fb28a8143 status=pass target=api.cloudflare.com:443
2026-06-26T09:37:24Z INF precheck complete hard_fail=false run_id=4f6d4cab-0b27-4759-8fff-8d4fb28a8143 suggested_protocol=quic
2026-06-26T09:37:24Z INF Registered tunnel connection connIndex=0 connection=28a529d9-8cf0-43c1-956c-637a03661132 event=0 ip=198.41.200.63 location=cdg01 protocol=quic
